2025-04-19T09:28:24.209+05:30  INFO 13696 --- [employee-payroll] [restartedMain] c.b.e.EmployeePayrollApplication         : Starting EmployeePayrollApplication using Java 22.0.2 with PID 13696 (D:\bridgelabz-workspace\employee-payroll\target\classes started by HP in D:\bridgelabz-workspace\employee-payroll)
2025-04-19T09:28:24.219+05:30 DEBUG 13696 --- [employee-payroll] [restartedMain] c.b.e.EmployeePayrollApplication         : Running with Spring Boot v3.4.4, Spring v6.2.5
2025-04-19T09:28:24.220+05:30  INFO 13696 --- [employee-payroll] [restartedMain] c.b.e.EmployeePayrollApplication         : No active profile set, falling back to 1 default profile: "default"
2025-04-19T09:28:28.098+05:30  WARN 13696 --- [employee-payroll] [restartedMain] c.zaxxer.hikari.util.DriverDataSource    : Registered driver with driverClassName=com.mysql.jdbc.Driver was not found, trying direct instantiation.
2025-04-19T09:28:30.986+05:30  WARN 13696 --- [employee-payroll] [restartedMain] JpaBaseConfiguration$JpaWebConfiguration : spring.jpa.open-in-view is enabled by default. Therefore, database queries may be performed during view rendering. Explicitly configure spring.jpa.open-in-view to disable this warning
2025-04-19T09:28:32.199+05:30  INFO 13696 --- [employee-payroll] [restartedMain] c.b.e.EmployeePayrollApplication         : Started EmployeePayrollApplication in 8.66 seconds (process running for 9.338)
2025-04-19T09:29:02.608+05:30  WARN 13696 --- [employee-payroll] [http-nio-8080-exec-1] .w.s.m.s.DefaultHandlerExceptionResolver : Resolved [org.springframework.web.HttpRequestMethodNotSupportedException: Request method 'GET' is not supported]
2025-04-19T09:38:28.595+05:30  INFO 7416 --- [employee-payroll] [restartedMain] c.b.e.EmployeePayrollApplication         : Starting EmployeePayrollApplication using Java 22.0.2 with PID 7416 (D:\bridgelabz-workspace\employee-payroll\target\classes started by HP in D:\bridgelabz-workspace\employee-payroll)
2025-04-19T09:38:28.599+05:30 DEBUG 7416 --- [employee-payroll] [restartedMain] c.b.e.EmployeePayrollApplication         : Running with Spring Boot v3.4.4, Spring v6.2.5
2025-04-19T09:38:28.602+05:30  INFO 7416 --- [employee-payroll] [restartedMain] c.b.e.EmployeePayrollApplication         : No active profile set, falling back to 1 default profile: "default"
2025-04-19T09:38:31.839+05:30  WARN 7416 --- [employee-payroll] [restartedMain] c.zaxxer.hikari.util.DriverDataSource    : Registered driver with driverClassName=com.mysql.jdbc.Driver was not found, trying direct instantiation.
2025-04-19T09:38:33.979+05:30  WARN 7416 --- [employee-payroll] [restartedMain] JpaBaseConfiguration$JpaWebConfiguration : spring.jpa.open-in-view is enabled by default. Therefore, database queries may be performed during view rendering. Explicitly configure spring.jpa.open-in-view to disable this warning
2025-04-19T09:38:35.128+05:30  INFO 7416 --- [employee-payroll] [restartedMain] c.b.e.EmployeePayrollApplication         : Started EmployeePayrollApplication in 7.323 seconds (process running for 8.019)
2025-04-19T09:38:53.966+05:30 ERROR 7416 --- [employee-payroll] [http-nio-8080-exec-3] o.a.c.c.C.[.[.[/].[dispatcherServlet]    : Servlet.service() for servlet [dispatcherServlet] in context with path [] threw exception [Request processing failed: com.bridgelabz.employee_payroll.exceptions.EmployeePayrollException: Employee Not Found] with root cause

com.bridgelabz.employee_payroll.exceptions.EmployeePayrollException: Employee Not Found
	at com.bridgelabz.employee_payroll.service.EmployeePayrollServiceimpl.lambda$getEmployeePayrollDataById$0(EmployeePayrollServiceimpl.java:32) ~[classes/:na]
	at java.base/java.util.Optional.orElseThrow(Optional.java:403) ~[na:na]
	at com.bridgelabz.employee_payroll.service.EmployeePayrollServiceimpl.getEmployeePayrollDataById(EmployeePayrollServiceimpl.java:32) ~[classes/:na]
	at com.bridgelabz.employee_payroll.controller.EmployeePayrollController.getEmployeePayrollData(EmployeePayrollController.java:31) ~[classes/:na]
	at java.base/jdk.internal.reflect.DirectMethodHandleAccessor.invoke(DirectMethodHandleAccessor.java:103) ~[na:na]
	at java.base/java.lang.reflect.Method.invoke(Method.java:580) ~[na:na]
	at org.springframework.web.method.support.InvocableHandlerMethod.doInvoke(InvocableHandlerMethod.java:258) ~[spring-web-6.2.5.jar:6.2.5]
	at org.springframework.web.method.support.InvocableHandlerMethod.invokeForRequest(InvocableHandlerMethod.java:191) ~[spring-web-6.2.5.jar:6.2.5]
	at org.springframework.web.servlet.mvc.method.annotation.ServletInvocableHandlerMethod.invokeAndHandle(ServletInvocableHandlerMethod.java:118) ~[spring-webmvc-6.2.5.jar:6.2.5]
	at org.springframework.web.servlet.mvc.method.annotation.RequestMappingHandlerAdapter.invokeHandlerMethod(RequestMappingHandlerAdapter.java:986) ~[spring-webmvc-6.2.5.jar:6.2.5]
	at org.springframework.web.servlet.mvc.method.annotation.RequestMappingHandlerAdapter.handleInternal(RequestMappingHandlerAdapter.java:891) ~[spring-webmvc-6.2.5.jar:6.2.5]
	at org.springframework.web.servlet.mvc.method.AbstractHandlerMethodAdapter.handle(AbstractHandlerMethodAdapter.java:87) ~[spring-webmvc-6.2.5.jar:6.2.5]
	at org.springframework.web.servlet.DispatcherServlet.doDispatch(DispatcherServlet.java:1089) ~[spring-webmvc-6.2.5.jar:6.2.5]
	at org.springframework.web.servlet.DispatcherServlet.doService(DispatcherServlet.java:979) ~[spring-webmvc-6.2.5.jar:6.2.5]
	at org.springframework.web.servlet.FrameworkServlet.processRequest(FrameworkServlet.java:1014) ~[spring-webmvc-6.2.5.jar:6.2.5]
	at org.springframework.web.servlet.FrameworkServlet.doGet(FrameworkServlet.java:903) ~[spring-webmvc-6.2.5.jar:6.2.5]
	at jakarta.servlet.http.HttpServlet.service(HttpServlet.java:564) ~[tomcat-embed-core-10.1.39.jar:6.0]
	at org.springframework.web.servlet.FrameworkServlet.service(FrameworkServlet.java:885) ~[spring-webmvc-6.2.5.jar:6.2.5]
	at jakarta.servlet.http.HttpServlet.service(HttpServlet.java:658) ~[tomcat-embed-core-10.1.39.jar:6.0]
	at org.apache.catalina.core.ApplicationFilterChain.internalDoFilter(ApplicationFilterChain.java:195) ~[tomcat-embed-core-10.1.39.jar:10.1.39]
	at org.apache.catalina.core.ApplicationFilterChain.doFilter(ApplicationFilterChain.java:140) ~[tomcat-embed-core-10.1.39.jar:10.1.39]
	at org.apache.tomcat.websocket.server.WsFilter.doFilter(WsFilter.java:51) ~[tomcat-embed-websocket-10.1.39.jar:10.1.39]
	at org.apache.catalina.core.ApplicationFilterChain.internalDoFilter(ApplicationFilterChain.java:164) ~[tomcat-embed-core-10.1.39.jar:10.1.39]
	at org.apache.catalina.core.ApplicationFilterChain.doFilter(ApplicationFilterChain.java:140) ~[tomcat-embed-core-10.1.39.jar:10.1.39]
	at org.springframework.web.filter.RequestContextFilter.doFilterInternal(RequestContextFilter.java:100) ~[spring-web-6.2.5.jar:6.2.5]
	at org.springframework.web.filter.OncePerRequestFilter.doFilter(OncePerRequestFilter.java:116) ~[spring-web-6.2.5.jar:6.2.5]
	at org.apache.catalina.core.ApplicationFilterChain.internalDoFilter(ApplicationFilterChain.java:164) ~[tomcat-embed-core-10.1.39.jar:10.1.39]
	at org.apache.catalina.core.ApplicationFilterChain.doFilter(ApplicationFilterChain.java:140) ~[tomcat-embed-core-10.1.39.jar:10.1.39]
	at org.springframework.web.filter.FormContentFilter.doFilterInternal(FormContentFilter.java:93) ~[spring-web-6.2.5.jar:6.2.5]
	at org.springframework.web.filter.OncePerRequestFilter.doFilter(OncePerRequestFilter.java:116) ~[spring-web-6.2.5.jar:6.2.5]
	at org.apache.catalina.core.ApplicationFilterChain.internalDoFilter(ApplicationFilterChain.java:164) ~[tomcat-embed-core-10.1.39.jar:10.1.39]
	at org.apache.catalina.core.ApplicationFilterChain.doFilter(ApplicationFilterChain.java:140) ~[tomcat-embed-core-10.1.39.jar:10.1.39]
	at org.springframework.web.filter.CharacterEncodingFilter.doFilterInternal(CharacterEncodingFilter.java:201) ~[spring-web-6.2.5.jar:6.2.5]
	at org.springframework.web.filter.OncePerRequestFilter.doFilter(OncePerRequestFilter.java:116) ~[spring-web-6.2.5.jar:6.2.5]
	at org.apache.catalina.core.ApplicationFilterChain.internalDoFilter(ApplicationFilterChain.java:164) ~[tomcat-embed-core-10.1.39.jar:10.1.39]
	at org.apache.catalina.core.ApplicationFilterChain.doFilter(ApplicationFilterChain.java:140) ~[tomcat-embed-core-10.1.39.jar:10.1.39]
	at org.apache.catalina.core.StandardWrapperValve.invoke(StandardWrapperValve.java:167) ~[tomcat-embed-core-10.1.39.jar:10.1.39]
	at org.apache.catalina.core.StandardContextValve.invoke(StandardContextValve.java:90) ~[tomcat-embed-core-10.1.39.jar:10.1.39]
	at org.apache.catalina.authenticator.AuthenticatorBase.invoke(AuthenticatorBase.java:483) ~[tomcat-embed-core-10.1.39.jar:10.1.39]
	at org.apache.catalina.core.StandardHostValve.invoke(StandardHostValve.java:115) ~[tomcat-embed-core-10.1.39.jar:10.1.39]
	at org.apache.catalina.valves.ErrorReportValve.invoke(ErrorReportValve.java:93) ~[tomcat-embed-core-10.1.39.jar:10.1.39]
	at org.apache.catalina.core.StandardEngineValve.invoke(StandardEngineValve.java:74) ~[tomcat-embed-core-10.1.39.jar:10.1.39]
	at org.apache.catalina.connector.CoyoteAdapter.service(CoyoteAdapter.java:344) ~[tomcat-embed-core-10.1.39.jar:10.1.39]
	at org.apache.coyote.http11.Http11Processor.service(Http11Processor.java:397) ~[tomcat-embed-core-10.1.39.jar:10.1.39]
	at org.apache.coyote.AbstractProcessorLight.process(AbstractProcessorLight.java:63) ~[tomcat-embed-core-10.1.39.jar:10.1.39]
	at org.apache.coyote.AbstractProtocol$ConnectionHandler.process(AbstractProtocol.java:905) ~[tomcat-embed-core-10.1.39.jar:10.1.39]
	at org.apache.tomcat.util.net.NioEndpoint$SocketProcessor.doRun(NioEndpoint.java:1743) ~[tomcat-embed-core-10.1.39.jar:10.1.39]
	at org.apache.tomcat.util.net.SocketProcessorBase.run(SocketProcessorBase.java:52) ~[tomcat-embed-core-10.1.39.jar:10.1.39]
	at org.apache.tomcat.util.threads.ThreadPoolExecutor.runWorker(ThreadPoolExecutor.java:1190) ~[tomcat-embed-core-10.1.39.jar:10.1.39]
	at org.apache.tomcat.util.threads.ThreadPoolExecutor$Worker.run(ThreadPoolExecutor.java:659) ~[tomcat-embed-core-10.1.39.jar:10.1.39]
	at org.apache.tomcat.util.threads.TaskThread$WrappingRunnable.run(TaskThread.java:63) ~[tomcat-embed-core-10.1.39.jar:10.1.39]
	at java.base/java.lang.Thread.run(Thread.java:1570) ~[na:na]

2025-04-19T09:39:56.038+05:30  INFO 17048 --- [employee-payroll] [restartedMain] c.b.e.EmployeePayrollApplication         : Starting EmployeePayrollApplication using Java 22.0.2 with PID 17048 (D:\bridgelabz-workspace\employee-payroll\target\classes started by HP in D:\bridgelabz-workspace\employee-payroll)
2025-04-19T09:39:56.041+05:30 DEBUG 17048 --- [employee-payroll] [restartedMain] c.b.e.EmployeePayrollApplication         : Running with Spring Boot v3.4.4, Spring v6.2.5
2025-04-19T09:39:56.043+05:30  INFO 17048 --- [employee-payroll] [restartedMain] c.b.e.EmployeePayrollApplication         : No active profile set, falling back to 1 default profile: "default"
2025-04-19T09:39:58.953+05:30  WARN 17048 --- [employee-payroll] [restartedMain] c.zaxxer.hikari.util.DriverDataSource    : Registered driver with driverClassName=com.mysql.jdbc.Driver was not found, trying direct instantiation.
2025-04-19T09:40:01.037+05:30  WARN 17048 --- [employee-payroll] [restartedMain] JpaBaseConfiguration$JpaWebConfiguration : spring.jpa.open-in-view is enabled by default. Therefore, database queries may be performed during view rendering. Explicitly configure spring.jpa.open-in-view to disable this warning
2025-04-19T09:40:01.916+05:30  INFO 17048 --- [employee-payroll] [restartedMain] c.b.e.EmployeePayrollApplication         : Started EmployeePayrollApplication in 6.521 seconds (process running for 7.126)
2025-04-19T09:40:05.069+05:30 ERROR 17048 --- [employee-payroll] [http-nio-8080-exec-2] o.a.c.c.C.[.[.[/].[dispatcherServlet]    : Servlet.service() for servlet [dispatcherServlet] in context with path [] threw exception [Request processing failed: com.bridgelabz.employee_payroll.exceptions.EmployeePayrollException: Employee Not Found] with root cause

com.bridgelabz.employee_payroll.exceptions.EmployeePayrollException: Employee Not Found
	at com.bridgelabz.employee_payroll.service.EmployeePayrollServiceimpl.lambda$getEmployeePayrollDataById$0(EmployeePayrollServiceimpl.java:32) ~[classes/:na]
	at java.base/java.util.Optional.orElseThrow(Optional.java:403) ~[na:na]
	at com.bridgelabz.employee_payroll.service.EmployeePayrollServiceimpl.getEmployeePayrollDataById(EmployeePayrollServiceimpl.java:32) ~[classes/:na]
	at com.bridgelabz.employee_payroll.controller.EmployeePayrollController.getEmployeePayrollData(EmployeePayrollController.java:31) ~[classes/:na]
	at java.base/jdk.internal.reflect.DirectMethodHandleAccessor.invoke(DirectMethodHandleAccessor.java:103) ~[na:na]
	at java.base/java.lang.reflect.Method.invoke(Method.java:580) ~[na:na]
	at org.springframework.web.method.support.InvocableHandlerMethod.doInvoke(InvocableHandlerMethod.java:258) ~[spring-web-6.2.5.jar:6.2.5]
	at org.springframework.web.method.support.InvocableHandlerMethod.invokeForRequest(InvocableHandlerMethod.java:191) ~[spring-web-6.2.5.jar:6.2.5]
	at org.springframework.web.servlet.mvc.method.annotation.ServletInvocableHandlerMethod.invokeAndHandle(ServletInvocableHandlerMethod.java:118) ~[spring-webmvc-6.2.5.jar:6.2.5]
	at org.springframework.web.servlet.mvc.method.annotation.RequestMappingHandlerAdapter.invokeHandlerMethod(RequestMappingHandlerAdapter.java:986) ~[spring-webmvc-6.2.5.jar:6.2.5]
	at org.springframework.web.servlet.mvc.method.annotation.RequestMappingHandlerAdapter.handleInternal(RequestMappingHandlerAdapter.java:891) ~[spring-webmvc-6.2.5.jar:6.2.5]
	at org.springframework.web.servlet.mvc.method.AbstractHandlerMethodAdapter.handle(AbstractHandlerMethodAdapter.java:87) ~[spring-webmvc-6.2.5.jar:6.2.5]
	at org.springframework.web.servlet.DispatcherServlet.doDispatch(DispatcherServlet.java:1089) ~[spring-webmvc-6.2.5.jar:6.2.5]
	at org.springframework.web.servlet.DispatcherServlet.doService(DispatcherServlet.java:979) ~[spring-webmvc-6.2.5.jar:6.2.5]
	at org.springframework.web.servlet.FrameworkServlet.processRequest(FrameworkServlet.java:1014) ~[spring-webmvc-6.2.5.jar:6.2.5]
	at org.springframework.web.servlet.FrameworkServlet.doGet(FrameworkServlet.java:903) ~[spring-webmvc-6.2.5.jar:6.2.5]
	at jakarta.servlet.http.HttpServlet.service(HttpServlet.java:564) ~[tomcat-embed-core-10.1.39.jar:6.0]
	at org.springframework.web.servlet.FrameworkServlet.service(FrameworkServlet.java:885) ~[spring-webmvc-6.2.5.jar:6.2.5]
	at jakarta.servlet.http.HttpServlet.service(HttpServlet.java:658) ~[tomcat-embed-core-10.1.39.jar:6.0]
	at org.apache.catalina.core.ApplicationFilterChain.internalDoFilter(ApplicationFilterChain.java:195) ~[tomcat-embed-core-10.1.39.jar:10.1.39]
	at org.apache.catalina.core.ApplicationFilterChain.doFilter(ApplicationFilterChain.java:140) ~[tomcat-embed-core-10.1.39.jar:10.1.39]
	at org.apache.tomcat.websocket.server.WsFilter.doFilter(WsFilter.java:51) ~[tomcat-embed-websocket-10.1.39.jar:10.1.39]
	at org.apache.catalina.core.ApplicationFilterChain.internalDoFilter(ApplicationFilterChain.java:164) ~[tomcat-embed-core-10.1.39.jar:10.1.39]
	at org.apache.catalina.core.ApplicationFilterChain.doFilter(ApplicationFilterChain.java:140) ~[tomcat-embed-core-10.1.39.jar:10.1.39]
	at org.springframework.web.filter.RequestContextFilter.doFilterInternal(RequestContextFilter.java:100) ~[spring-web-6.2.5.jar:6.2.5]
	at org.springframework.web.filter.OncePerRequestFilter.doFilter(OncePerRequestFilter.java:116) ~[spring-web-6.2.5.jar:6.2.5]
	at org.apache.catalina.core.ApplicationFilterChain.internalDoFilter(ApplicationFilterChain.java:164) ~[tomcat-embed-core-10.1.39.jar:10.1.39]
	at org.apache.catalina.core.ApplicationFilterChain.doFilter(ApplicationFilterChain.java:140) ~[tomcat-embed-core-10.1.39.jar:10.1.39]
	at org.springframework.web.filter.FormContentFilter.doFilterInternal(FormContentFilter.java:93) ~[spring-web-6.2.5.jar:6.2.5]
	at org.springframework.web.filter.OncePerRequestFilter.doFilter(OncePerRequestFilter.java:116) ~[spring-web-6.2.5.jar:6.2.5]
	at org.apache.catalina.core.ApplicationFilterChain.internalDoFilter(ApplicationFilterChain.java:164) ~[tomcat-embed-core-10.1.39.jar:10.1.39]
	at org.apache.catalina.core.ApplicationFilterChain.doFilter(ApplicationFilterChain.java:140) ~[tomcat-embed-core-10.1.39.jar:10.1.39]
	at org.springframework.web.filter.CharacterEncodingFilter.doFilterInternal(CharacterEncodingFilter.java:201) ~[spring-web-6.2.5.jar:6.2.5]
	at org.springframework.web.filter.OncePerRequestFilter.doFilter(OncePerRequestFilter.java:116) ~[spring-web-6.2.5.jar:6.2.5]
	at org.apache.catalina.core.ApplicationFilterChain.internalDoFilter(ApplicationFilterChain.java:164) ~[tomcat-embed-core-10.1.39.jar:10.1.39]
	at org.apache.catalina.core.ApplicationFilterChain.doFilter(ApplicationFilterChain.java:140) ~[tomcat-embed-core-10.1.39.jar:10.1.39]
	at org.apache.catalina.core.StandardWrapperValve.invoke(StandardWrapperValve.java:167) ~[tomcat-embed-core-10.1.39.jar:10.1.39]
	at org.apache.catalina.core.StandardContextValve.invoke(StandardContextValve.java:90) ~[tomcat-embed-core-10.1.39.jar:10.1.39]
	at org.apache.catalina.authenticator.AuthenticatorBase.invoke(AuthenticatorBase.java:483) ~[tomcat-embed-core-10.1.39.jar:10.1.39]
	at org.apache.catalina.core.StandardHostValve.invoke(StandardHostValve.java:115) ~[tomcat-embed-core-10.1.39.jar:10.1.39]
	at org.apache.catalina.valves.ErrorReportValve.invoke(ErrorReportValve.java:93) ~[tomcat-embed-core-10.1.39.jar:10.1.39]
	at org.apache.catalina.core.StandardEngineValve.invoke(StandardEngineValve.java:74) ~[tomcat-embed-core-10.1.39.jar:10.1.39]
	at org.apache.catalina.connector.CoyoteAdapter.service(CoyoteAdapter.java:344) ~[tomcat-embed-core-10.1.39.jar:10.1.39]
	at org.apache.coyote.http11.Http11Processor.service(Http11Processor.java:397) ~[tomcat-embed-core-10.1.39.jar:10.1.39]
	at org.apache.coyote.AbstractProcessorLight.process(AbstractProcessorLight.java:63) ~[tomcat-embed-core-10.1.39.jar:10.1.39]
	at org.apache.coyote.AbstractProtocol$ConnectionHandler.process(AbstractProtocol.java:905) ~[tomcat-embed-core-10.1.39.jar:10.1.39]
	at org.apache.tomcat.util.net.NioEndpoint$SocketProcessor.doRun(NioEndpoint.java:1743) ~[tomcat-embed-core-10.1.39.jar:10.1.39]
	at org.apache.tomcat.util.net.SocketProcessorBase.run(SocketProcessorBase.java:52) ~[tomcat-embed-core-10.1.39.jar:10.1.39]
	at org.apache.tomcat.util.threads.ThreadPoolExecutor.runWorker(ThreadPoolExecutor.java:1190) ~[tomcat-embed-core-10.1.39.jar:10.1.39]
	at org.apache.tomcat.util.threads.ThreadPoolExecutor$Worker.run(ThreadPoolExecutor.java:659) ~[tomcat-embed-core-10.1.39.jar:10.1.39]
	at org.apache.tomcat.util.threads.TaskThread$WrappingRunnable.run(TaskThread.java:63) ~[tomcat-embed-core-10.1.39.jar:10.1.39]
	at java.base/java.lang.Thread.run(Thread.java:1570) ~[na:na]

2025-04-19T09:41:46.923+05:30  INFO 21148 --- [employee-payroll] [restartedMain] c.b.e.EmployeePayrollApplication         : Starting EmployeePayrollApplication using Java 22.0.2 with PID 21148 (D:\bridgelabz-workspace\employee-payroll\target\classes started by HP in D:\bridgelabz-workspace\employee-payroll)
2025-04-19T09:41:46.928+05:30 DEBUG 21148 --- [employee-payroll] [restartedMain] c.b.e.EmployeePayrollApplication         : Running with Spring Boot v3.4.4, Spring v6.2.5
2025-04-19T09:41:46.930+05:30  INFO 21148 --- [employee-payroll] [restartedMain] c.b.e.EmployeePayrollApplication         : No active profile set, falling back to 1 default profile: "default"
2025-04-19T09:41:49.650+05:30  WARN 21148 --- [employee-payroll] [restartedMain] c.zaxxer.hikari.util.DriverDataSource    : Registered driver with driverClassName=com.mysql.jdbc.Driver was not found, trying direct instantiation.
2025-04-19T09:41:51.399+05:30  WARN 21148 --- [employee-payroll] [restartedMain] JpaBaseConfiguration$JpaWebConfiguration : spring.jpa.open-in-view is enabled by default. Therefore, database queries may be performed during view rendering. Explicitly configure spring.jpa.open-in-view to disable this warning
2025-04-19T09:41:51.879+05:30  INFO 21148 --- [employee-payroll] [restartedMain] c.b.e.EmployeePayrollApplication         : Started EmployeePayrollApplication in 5.612 seconds (process running for 6.17)
2025-04-19T09:42:12.583+05:30  WARN 21148 --- [employee-payroll] [http-nio-8080-exec-1] .m.m.a.ExceptionHandlerExceptionResolver : Resolved [com.bridgelabz.employee_payroll.exceptions.EmployeePayrollException: Employee Not Found]
2025-04-19T09:44:24.867+05:30  WARN 21148 --- [employee-payroll] [http-nio-8080-exec-4] .w.s.m.s.DefaultHandlerExceptionResolver : Resolved [org.springframework.web.HttpRequestMethodNotSupportedException: Request method 'GET' is not supported]
2025-04-19T09:44:34.064+05:30  WARN 21148 --- [employee-payroll] [http-nio-8080-exec-5] .w.s.m.s.DefaultHandlerExceptionResolver : Resolved [org.springframework.web.bind.MethodArgumentNotValidException: Validation failed for argument [0] in public org.springframework.http.ResponseEntity<com.bridgelabz.employee_payroll.dto.ResponseDTO> com.bridgelabz.employee_payroll.controller.EmployeePayrollController.addEmployeePayrollData(com.bridgelabz.employee_payroll.dto.EmployeeDTO) with 2 errors: [Field error in object 'employeeDTO' on field 'profilepic': rejected value []; codes [NotBlank.employeeDTO.profilepic,NotBlank.profilepic,NotBlank.java.lang.String,NotBlank]; arguments [org.springframework.context.support.DefaultMessageSourceResolvable: codes [employeeDTO.profilepic,profilepic]; arguments []; default message [profilepic]]; default message [profilepic can not be empty]] [Field error in object 'employeeDTO' on field 'salary': rejected value [12.0]; codes [Min.employeeDTO.salary,Min.salary,Min.double,Min]; arguments [org.springframework.context.support.DefaultMessageSourceResolvable: codes [employeeDTO.salary,salary]; arguments []; default message [salary],500]; default message [Min Wage should be more than 500]] ]
2025-04-19T09:49:54.653+05:30  INFO 1436 --- [employee-payroll] [restartedMain] c.b.e.EmployeePayrollApplication         : Starting EmployeePayrollApplication using Java 22.0.2 with PID 1436 (D:\bridgelabz-workspace\employee-payroll\target\classes started by HP in D:\bridgelabz-workspace\employee-payroll)
2025-04-19T09:49:54.658+05:30 DEBUG 1436 --- [employee-payroll] [restartedMain] c.b.e.EmployeePayrollApplication         : Running with Spring Boot v3.4.4, Spring v6.2.5
2025-04-19T09:49:54.659+05:30  INFO 1436 --- [employee-payroll] [restartedMain] c.b.e.EmployeePayrollApplication         : No active profile set, falling back to 1 default profile: "default"
2025-04-19T09:49:57.344+05:30  WARN 1436 --- [employee-payroll] [restartedMain] c.zaxxer.hikari.util.DriverDataSource    : Registered driver with driverClassName=com.mysql.jdbc.Driver was not found, trying direct instantiation.
2025-04-19T09:49:59.117+05:30  WARN 1436 --- [employee-payroll] [restartedMain] JpaBaseConfiguration$JpaWebConfiguration : spring.jpa.open-in-view is enabled by default. Therefore, database queries may be performed during view rendering. Explicitly configure spring.jpa.open-in-view to disable this warning
2025-04-19T09:49:59.618+05:30  INFO 1436 --- [employee-payroll] [restartedMain] c.b.e.EmployeePayrollApplication         : Started EmployeePayrollApplication in 5.671 seconds (process running for 6.314)
2025-04-19T09:50:05.820+05:30  WARN 1436 --- [employee-payroll] [http-nio-8080-exec-1] .w.s.m.s.DefaultHandlerExceptionResolver : Resolved [org.springframework.web.HttpRequestMethodNotSupportedException: Request method 'POST' is not supported]
2025-04-19T09:50:14.695+05:30  WARN 1436 --- [employee-payroll] [http-nio-8080-exec-3] .w.s.m.s.DefaultHandlerExceptionResolver : Resolved [org.springframework.web.HttpRequestMethodNotSupportedException: Request method 'GET' is not supported]
2025-04-19T09:50:21.970+05:30  WARN 1436 --- [employee-payroll] [http-nio-8080-exec-4] .m.m.a.ExceptionHandlerExceptionResolver : Resolved [com.bridgelabz.employee_payroll.exceptions.EmployeePayrollException: Provided id is not found]
2025-04-19T09:53:06.795+05:30  WARN 1436 --- [employee-payroll] [http-nio-8080-exec-6] .w.s.m.s.DefaultHandlerExceptionResolver : Resolved [org.springframework.web.HttpRequestMethodNotSupportedException: Request method 'DELETE' is not supported]
2025-04-19T09:53:11.624+05:30  WARN 1436 --- [employee-payroll] [http-nio-8080-exec-7] .w.s.m.s.DefaultHandlerExceptionResolver : Resolved [org.springframework.web.bind.MethodArgumentNotValidException: Validation failed for argument [0] in public org.springframework.http.ResponseEntity<com.bridgelabz.employee_payroll.dto.ResponseDTO> com.bridgelabz.employee_payroll.controller.EmployeePayrollController.addEmployeePayrollData(com.bridgelabz.employee_payroll.dto.EmployeeDTO) with 2 errors: [Field error in object 'employeeDTO' on field 'profilepic': rejected value []; codes [NotBlank.employeeDTO.profilepic,NotBlank.profilepic,NotBlank.java.lang.String,NotBlank]; arguments [org.springframework.context.support.DefaultMessageSourceResolvable: codes [employeeDTO.profilepic,profilepic]; arguments []; default message [profilepic]]; default message [profilepic can not be empty]] [Field error in object 'employeeDTO' on field 'salary': rejected value [12.0]; codes [Min.employeeDTO.salary,Min.salary,Min.double,Min]; arguments [org.springframework.context.support.DefaultMessageSourceResolvable: codes [employeeDTO.salary,salary]; arguments []; default message [salary],500]; default message [Min Wage should be more than 500]] ]
2025-04-19T09:53:22.123+05:30  WARN 1436 --- [employee-payroll] [http-nio-8080-exec-9] .w.s.m.s.DefaultHandlerExceptionResolver : Resolved [org.springframework.web.bind.MethodArgumentNotValidException: Validation failed for argument [0] in public org.springframework.http.ResponseEntity<com.bridgelabz.employee_payroll.dto.ResponseDTO> com.bridgelabz.employee_payroll.controller.EmployeePayrollController.addEmployeePayrollData(com.bridgelabz.employee_payroll.dto.EmployeeDTO): [Field error in object 'employeeDTO' on field 'salary': rejected value [12.0]; codes [Min.employeeDTO.salary,Min.salary,Min.double,Min]; arguments [org.springframework.context.support.DefaultMessageSourceResolvable: codes [employeeDTO.salary,salary]; arguments []; default message [salary],500]; default message [Min Wage should be more than 500]] ]
2025-04-19T09:53:32.565+05:30  INFO 1436 --- [employee-payroll] [http-nio-8080-exec-2] c.b.e.s.EmployeePayrollServiceimpl       : User Successfully created
2025-04-19T09:53:40.797+05:30  WARN 1436 --- [employee-payroll] [http-nio-8080-exec-1] .w.s.m.s.DefaultHandlerExceptionResolver : Resolved [org.springframework.web.bind.MethodArgumentNotValidException: Validation failed for argument [0] in public org.springframework.http.ResponseEntity<com.bridgelabz.employee_payroll.dto.ResponseDTO> com.bridgelabz.employee_payroll.controller.EmployeePayrollController.addEmployeePayrollData(com.bridgelabz.employee_payroll.dto.EmployeeDTO): [Field error in object 'employeeDTO' on field 'name': rejected value [1untal]; codes [Pattern.employeeDTO.name,Pattern.name,Pattern.java.lang.String,Pattern]; arguments [org.springframework.context.support.DefaultMessageSourceResolvable: codes [employeeDTO.name,name]; arguments []; default message [name],[Ljakarta.validation.constraints.Pattern$Flag;@24cd0f6b,^[A-Z]{1}[a-zA-Z\s]{2,}$]; default message [Employee name Invalid]] ]
2025-04-19T10:07:25.493+05:30  INFO 8660 --- [employee-payroll] [restartedMain] c.b.e.EmployeePayrollApplication         : Starting EmployeePayrollApplication using Java 22.0.2 with PID 8660 (D:\bridgelabz-workspace\employee-payroll\target\classes started by HP in D:\bridgelabz-workspace\employee-payroll)
2025-04-19T10:07:25.499+05:30 DEBUG 8660 --- [employee-payroll] [restartedMain] c.b.e.EmployeePayrollApplication         : Running with Spring Boot v3.4.4, Spring v6.2.5
2025-04-19T10:07:25.501+05:30  INFO 8660 --- [employee-payroll] [restartedMain] c.b.e.EmployeePayrollApplication         : No active profile set, falling back to 1 default profile: "default"
2025-04-19T10:07:28.558+05:30  WARN 8660 --- [employee-payroll] [restartedMain] c.zaxxer.hikari.util.DriverDataSource    : Registered driver with driverClassName=com.mysql.jdbc.Driver was not found, trying direct instantiation.
2025-04-19T10:07:30.556+05:30  WARN 8660 --- [employee-payroll] [restartedMain] JpaBaseConfiguration$JpaWebConfiguration : spring.jpa.open-in-view is enabled by default. Therefore, database queries may be performed during view rendering. Explicitly configure spring.jpa.open-in-view to disable this warning
2025-04-19T10:07:31.120+05:30  INFO 8660 --- [employee-payroll] [restartedMain] c.b.e.EmployeePayrollApplication         : Started EmployeePayrollApplication in 6.302 seconds (process running for 7.6)
2025-04-19T10:07:43.202+05:30  WARN 8660 --- [employee-payroll] [http-nio-8080-exec-2] .w.s.m.s.DefaultHandlerExceptionResolver : Resolved [org.springframework.web.bind.MethodArgumentNotValidException: Validation failed for argument [0] in public org.springframework.http.ResponseEntity<com.bridgelabz.employee_payroll.dto.ResponseDTO> com.bridgelabz.employee_payroll.controller.EmployeePayrollController.addEmployeePayrollData(com.bridgelabz.employee_payroll.dto.EmployeeDTO): [Field error in object 'employeeDTO' on field 'name': rejected value [1untal]; codes [Pattern.employeeDTO.name,Pattern.name,Pattern.java.lang.String,Pattern]; arguments [org.springframework.context.support.DefaultMessageSourceResolvable: codes [employeeDTO.name,name]; arguments []; default message [name],[Ljakarta.validation.constraints.Pattern$Flag;@3eb90572,^[A-Z]{1}[a-zA-Z\s]{2,}$]; default message [Employee name Invalid]] ]
2025-04-19T10:09:01.083+05:30  WARN 8660 --- [employee-payroll] [http-nio-8080-exec-4] .w.s.m.s.DefaultHandlerExceptionResolver : Resolved [org.springframework.web.bind.MethodArgumentNotValidException: Validation failed for argument [1] in public org.springframework.http.ResponseEntity<com.bridgelabz.employee_payroll.dto.ResponseDTO> com.bridgelabz.employee_payroll.controller.EmployeePayrollController.updateEmployeePayrollData(int,com.bridgelabz.employee_payroll.dto.EmployeeDTO): [Field error in object 'employeeDTO' on field 'name': rejected value [1untal]; codes [Pattern.employeeDTO.name,Pattern.name,Pattern.java.lang.String,Pattern]; arguments [org.springframework.context.support.DefaultMessageSourceResolvable: codes [employeeDTO.name,name]; arguments []; default message [name],[Ljakarta.validation.constraints.Pattern$Flag;@3eb90572,^[A-Z]{1}[a-zA-Z\s]{2,}$]; default message [Employee name Invalid]] ]
2025-04-19T10:10:10.866+05:30  INFO 21208 --- [employee-payroll] [restartedMain] c.b.e.EmployeePayrollApplication         : Starting EmployeePayrollApplication using Java 22.0.2 with PID 21208 (D:\bridgelabz-workspace\employee-payroll\target\classes started by HP in D:\bridgelabz-workspace\employee-payroll)
2025-04-19T10:10:10.871+05:30 DEBUG 21208 --- [employee-payroll] [restartedMain] c.b.e.EmployeePayrollApplication         : Running with Spring Boot v3.4.4, Spring v6.2.5
2025-04-19T10:10:10.873+05:30  INFO 21208 --- [employee-payroll] [restartedMain] c.b.e.EmployeePayrollApplication         : No active profile set, falling back to 1 default profile: "default"
2025-04-19T10:10:13.438+05:30  WARN 21208 --- [employee-payroll] [restartedMain] c.zaxxer.hikari.util.DriverDataSource    : Registered driver with driverClassName=com.mysql.jdbc.Driver was not found, trying direct instantiation.
2025-04-19T10:10:15.004+05:30  WARN 21208 --- [employee-payroll] [restartedMain] JpaBaseConfiguration$JpaWebConfiguration : spring.jpa.open-in-view is enabled by default. Therefore, database queries may be performed during view rendering. Explicitly configure spring.jpa.open-in-view to disable this warning
2025-04-19T10:10:15.446+05:30  INFO 21208 --- [employee-payroll] [restartedMain] c.b.e.EmployeePayrollApplication         : Started EmployeePayrollApplication in 5.205 seconds (process running for 5.765)
2025-04-19T10:10:21.478+05:30  WARN 21208 --- [employee-payroll] [http-nio-8080-exec-3] .w.s.m.s.DefaultHandlerExceptionResolver : Resolved [org.springframework.web.bind.MethodArgumentNotValidException: Validation failed for argument [1] in public org.springframework.http.ResponseEntity<com.bridgelabz.employee_payroll.dto.ResponseDTO> com.bridgelabz.employee_payroll.controller.EmployeePayrollController.updateEmployeePayrollData(int,com.bridgelabz.employee_payroll.dto.EmployeeDTO): [Field error in object 'employeeDTO' on field 'name': rejected value [1untal]; codes [Pattern.employeeDTO.name,Pattern.name,Pattern.java.lang.String,Pattern]; arguments [org.springframework.context.support.DefaultMessageSourceResolvable: codes [employeeDTO.name,name]; arguments []; default message [name],[Ljakarta.validation.constraints.Pattern$Flag;@64bc6c2c,^[A-Z]{1}[a-zA-Z\s]{2,}$]; default message [Employee name Invalid]] ]
2025-04-19T10:27:06.164+05:30  INFO 19728 --- [employee-payroll] [restartedMain] c.b.e.EmployeePayrollApplication         : Starting EmployeePayrollApplication using Java 22.0.2 with PID 19728 (D:\bridgelabz-workspace\employee-payroll\target\classes started by HP in D:\bridgelabz-workspace\employee-payroll)
2025-04-19T10:27:06.167+05:30 DEBUG 19728 --- [employee-payroll] [restartedMain] c.b.e.EmployeePayrollApplication         : Running with Spring Boot v3.4.4, Spring v6.2.5
2025-04-19T10:27:06.168+05:30  INFO 19728 --- [employee-payroll] [restartedMain] c.b.e.EmployeePayrollApplication         : No active profile set, falling back to 1 default profile: "default"
2025-04-19T10:27:09.273+05:30  WARN 19728 --- [employee-payroll] [restartedMain] c.zaxxer.hikari.util.DriverDataSource    : Registered driver with driverClassName=com.mysql.jdbc.Driver was not found, trying direct instantiation.
2025-04-19T10:27:11.578+05:30  WARN 19728 --- [employee-payroll] [restartedMain] JpaBaseConfiguration$JpaWebConfiguration : spring.jpa.open-in-view is enabled by default. Therefore, database queries may be performed during view rendering. Explicitly configure spring.jpa.open-in-view to disable this warning
2025-04-19T10:27:12.305+05:30  INFO 19728 --- [employee-payroll] [restartedMain] c.b.e.EmployeePayrollApplication         : Started EmployeePayrollApplication in 6.777 seconds (process running for 7.31)
2025-04-19T10:27:17.404+05:30  WARN 19728 --- [employee-payroll] [http-nio-8080-exec-2] .w.s.m.s.DefaultHandlerExceptionResolver : Resolved [org.springframework.web.bind.MethodArgumentNotValidException: Validation failed for argument [1] in public org.springframework.http.ResponseEntity<com.bridgelabz.employee_payroll.dto.ResponseDTO> com.bridgelabz.employee_payroll.controller.EmployeePayrollController.updateEmployeePayrollData(int,com.bridgelabz.employee_payroll.dto.EmployeeDTO): [Field error in object 'employeeDTO' on field 'name': rejected value [1untal]; codes [Pattern.employeeDTO.name,Pattern.name,Pattern.java.lang.String,Pattern]; arguments [org.springframework.context.support.DefaultMessageSourceResolvable: codes [employeeDTO.name,name]; arguments []; default message [name],[Ljakarta.validation.constraints.Pattern$Flag;@10b0988,^[A-Z]{1}[a-zA-Z\s]{2,}$]; default message [Employee name Invalid]] ]
2025-04-19T10:28:12.057+05:30  INFO 13048 --- [employee-payroll] [restartedMain] c.b.e.EmployeePayrollApplication         : Starting EmployeePayrollApplication using Java 22.0.2 with PID 13048 (D:\bridgelabz-workspace\employee-payroll\target\classes started by HP in D:\bridgelabz-workspace\employee-payroll)
2025-04-19T10:28:12.061+05:30 DEBUG 13048 --- [employee-payroll] [restartedMain] c.b.e.EmployeePayrollApplication         : Running with Spring Boot v3.4.4, Spring v6.2.5
2025-04-19T10:28:12.062+05:30  INFO 13048 --- [employee-payroll] [restartedMain] c.b.e.EmployeePayrollApplication         : No active profile set, falling back to 1 default profile: "default"
2025-04-19T10:28:14.966+05:30  WARN 13048 --- [employee-payroll] [restartedMain] c.zaxxer.hikari.util.DriverDataSource    : Registered driver with driverClassName=com.mysql.jdbc.Driver was not found, trying direct instantiation.
2025-04-19T10:28:16.581+05:30  WARN 13048 --- [employee-payroll] [restartedMain] JpaBaseConfiguration$JpaWebConfiguration : spring.jpa.open-in-view is enabled by default. Therefore, database queries may be performed during view rendering. Explicitly configure spring.jpa.open-in-view to disable this warning
2025-04-19T10:28:17.074+05:30  INFO 13048 --- [employee-payroll] [restartedMain] c.b.e.EmployeePayrollApplication         : Started EmployeePayrollApplication in 5.673 seconds (process running for 6.215)
2025-04-19T10:28:22.811+05:30  WARN 13048 --- [employee-payroll] [http-nio-8080-exec-1] .w.s.m.s.DefaultHandlerExceptionResolver : Resolved [org.springframework.web.bind.MethodArgumentNotValidException: Validation failed for argument [1] in public org.springframework.http.ResponseEntity<com.bridgelabz.employee_payroll.dto.ResponseDTO> com.bridgelabz.employee_payroll.controller.EmployeePayrollController.updateEmployeePayrollData(int,com.bridgelabz.employee_payroll.dto.EmployeeDTO): [Field error in object 'employeeDTO' on field 'name': rejected value [1untal]; codes [Pattern.employeeDTO.name,Pattern.name,Pattern.java.lang.String,Pattern]; arguments [org.springframework.context.support.DefaultMessageSourceResolvable: codes [employeeDTO.name,name]; arguments []; default message [name],[Ljakarta.validation.constraints.Pattern$Flag;@20db3eb2,^[A-Z]{1}[a-zA-Z\s]{2,}$]; default message [Employee name Invalid]] ]
2025-04-19T10:32:00.417+05:30  INFO 18588 --- [employee-payroll] [restartedMain] c.b.e.EmployeePayrollApplication         : Starting EmployeePayrollApplication using Java 22.0.2 with PID 18588 (D:\bridgelabz-workspace\employee-payroll\target\classes started by HP in D:\bridgelabz-workspace\employee-payroll)
2025-04-19T10:32:00.420+05:30 DEBUG 18588 --- [employee-payroll] [restartedMain] c.b.e.EmployeePayrollApplication         : Running with Spring Boot v3.4.4, Spring v6.2.5
2025-04-19T10:32:00.422+05:30  INFO 18588 --- [employee-payroll] [restartedMain] c.b.e.EmployeePayrollApplication         : No active profile set, falling back to 1 default profile: "default"
2025-04-19T10:32:03.310+05:30  WARN 18588 --- [employee-payroll] [restartedMain] c.zaxxer.hikari.util.DriverDataSource    : Registered driver with driverClassName=com.mysql.jdbc.Driver was not found, trying direct instantiation.
2025-04-19T10:32:04.845+05:30  WARN 18588 --- [employee-payroll] [restartedMain] JpaBaseConfiguration$JpaWebConfiguration : spring.jpa.open-in-view is enabled by default. Therefore, database queries may be performed during view rendering. Explicitly configure spring.jpa.open-in-view to disable this warning
2025-04-19T10:32:05.302+05:30  INFO 18588 --- [employee-payroll] [restartedMain] c.b.e.EmployeePayrollApplication         : Started EmployeePayrollApplication in 5.56 seconds (process running for 6.11)
2025-04-19T10:32:15.559+05:30  WARN 18588 --- [employee-payroll] [http-nio-8080-exec-3] .m.m.a.ExceptionHandlerExceptionResolver : Resolved [org.springframework.web.bind.MethodArgumentNotValidException: Validation failed for argument [1] in public org.springframework.http.ResponseEntity<com.bridgelabz.employee_payroll.dto.ResponseDTO> com.bridgelabz.employee_payroll.controller.EmployeePayrollController.updateEmployeePayrollData(int,com.bridgelabz.employee_payroll.dto.EmployeeDTO): [Field error in object 'employeeDTO' on field 'name': rejected value [1untal]; codes [Pattern.employeeDTO.name,Pattern.name,Pattern.java.lang.String,Pattern]; arguments [org.springframework.context.support.DefaultMessageSourceResolvable: codes [employeeDTO.name,name]; arguments []; default message [name],[Ljakarta.validation.constraints.Pattern$Flag;@199bc64d,^[A-Z]{1}[a-zA-Z\s]{2,}$]; default message [Employee name Invalid]] ]
2025-04-19T10:33:59.328+05:30  WARN 18588 --- [employee-payroll] [http-nio-8080-exec-5] .m.m.a.ExceptionHandlerExceptionResolver : Resolved [org.springframework.web.bind.MethodArgumentNotValidException: Validation failed for argument [1] in public org.springframework.http.ResponseEntity<com.bridgelabz.employee_payroll.dto.ResponseDTO> com.bridgelabz.employee_payroll.controller.EmployeePayrollController.updateEmployeePayrollData(int,com.bridgelabz.employee_payroll.dto.EmployeeDTO) with 5 errors: [Field error in object 'employeeDTO' on field 'name': rejected value [1untal]; codes [Pattern.employeeDTO.name,Pattern.name,Pattern.java.lang.String,Pattern]; arguments [org.springframework.context.support.DefaultMessageSourceResolvable: codes [employeeDTO.name,name]; arguments []; default message [name],[Ljakarta.validation.constraints.Pattern$Flag;@199bc64d,^[A-Z]{1}[a-zA-Z\s]{2,}$]; default message [Employee name Invalid]] [Field error in object 'employeeDTO' on field 'gender': rejected value [mahhle]; codes [Pattern.employeeDTO.gender,Pattern.gender,Pattern.java.lang.String,Pattern]; arguments [org.springframework.context.support.DefaultMessageSourceResolvable: codes [employeeDTO.gender,gender]; arguments []; default message [gender],[Ljakarta.validation.constraints.Pattern$Flag;@199bc64d,male|female]; default message [Gender needs to be male or female]] [Field error in object 'employeeDTO' on field 'note': rejected value []; codes [NotBlank.employeeDTO.note,NotBlank.note,NotBlank.java.lang.String,NotBlank]; arguments [org.springframework.context.support.DefaultMessageSourceResolvable: codes [employeeDTO.note,note]; arguments []; default message [note]]; default message [note should not be blank]] [Field error in object 'employeeDTO' on field 'profilepic': rejected value []; codes [NotBlank.employeeDTO.profilepic,NotBlank.profilepic,NotBlank.java.lang.String,NotBlank]; arguments [org.springframework.context.support.DefaultMessageSourceResolvable: codes [employeeDTO.profilepic,profilepic]; arguments []; default message [profilepic]]; default message [profilepic can not be empty]] [Field error in object 'employeeDTO' on field 'salary': rejected value [12.0]; codes [Min.employeeDTO.salary,Min.salary,Min.double,Min]; arguments [org.springframework.context.support.DefaultMessageSourceResolvable: codes [employeeDTO.salary,salary]; arguments []; default message [salary],500]; default message [Min Wage should be more than 500]] ]
